  Game.cpp
d:\users\rony.han7006\desktop\graphics-demo\game engine - titan voyager - rony hanna\voyager\player.h(29): warning C4244: '-=': conversion from 'float' to 'int', possible loss of data
d:\users\rony.han7006\desktop\graphics-demo\game engine - titan voyager - rony hanna\voyager\game.cpp(170): warning C4244: 'initializing': conversion from 'Uint32' to 'float', possible loss of data
SOIL.lib(SOIL.obj) : warning LNK4075: ignoring '/EDITANDCONTINUE' due to '/OPT:ICF' specification
LINK : warning LNK4098: defaultlib 'MSVCRTD' conflicts with use of other libs; use /NODEFAULTLIB:library
  Generating code
  1 of 2810 functions (<0.1%) were compiled, the rest were copied from previous compilation.
    0 functions were new in current compilation
    1 functions had inline decision re-evaluated but remain unchanged
  Finished generating code
Enemy.obj : warning LNK4020: a type record in 'd:\users\rony.han7006\desktop\graphics-demo\game engine - titan voyager - rony hanna\voyager\release\vc141.pdb' is corrupted; some symbols and types may not be accessible from the debugger
Engine.obj : warning LNK4020: a type record in 'd:\users\rony.han7006\desktop\graphics-demo\game engine - titan voyager - rony hanna\voyager\release\vc141.pdb' is corrupted; some symbols and types may not be accessible from the debugger
Font.obj : warning LNK4020: a type record in 'd:\users\rony.han7006\desktop\graphics-demo\game engine - titan voyager - rony hanna\voyager\release\vc141.pdb' is corrupted; some symbols and types may not be accessible from the debugger
Framebuffer.obj : warning LNK4020: a type record in 'd:\users\rony.han7006\desktop\graphics-demo\game engine - titan voyager - rony hanna\voyager\release\vc141.pdb' is corrupted; some symbols and types may not be accessible from the debugger
Game.obj : warning LNK4020: a type record in 'd:\users\rony.han7006\desktop\graphics-demo\game engine - titan voyager - rony hanna\voyager\release\vc141.pdb' is corrupted; some symbols and types may not be accessible from the debugger
GameObject.obj : warning LNK4020: a type record in 'd:\users\rony.han7006\desktop\graphics-demo\game engine - titan voyager - rony hanna\voyager\release\vc141.pdb' is corrupted; some symbols and types may not be accessible from the debugger
main.obj : warning LNK4020: a type record in 'd:\users\rony.han7006\desktop\graphics-demo\game engine - titan voyager - rony hanna\voyager\release\vc141.pdb' is corrupted; some symbols and types may not be accessible from the debugger
Mesh.obj : warning LNK4020: a type record in 'd:\users\rony.han7006\desktop\graphics-demo\game engine - titan voyager - rony hanna\voyager\release\vc141.pdb' is corrupted; some symbols and types may not be accessible from the debugger
Model.obj : warning LNK4020: a type record in 'd:\users\rony.han7006\desktop\graphics-demo\game engine - titan voyager - rony hanna\voyager\release\vc141.pdb' is corrupted; some symbols and types may not be accessible from the debugger
Particle.obj : warning LNK4020: a type record in 'd:\users\rony.han7006\desktop\graphics-demo\game engine - titan voyager - rony hanna\voyager\release\vc141.pdb' is corrupted; some symbols and types may not be accessible from the debugger
ParticleEmitter.obj : warning LNK4020: a type record in 'd:\users\rony.han7006\desktop\graphics-demo\game engine - titan voyager - rony hanna\voyager\release\vc141.pdb' is corrupted; some symbols and types may not be accessible from the debugger
PerlinNoise.obj : warning LNK4020: a type record in 'd:\users\rony.han7006\desktop\graphics-demo\game engine - titan voyager - rony hanna\voyager\release\vc141.pdb' is corrupted; some symbols and types may not be accessible from the debugger
Physics.obj : warning LNK4020: a type record in 'd:\users\rony.han7006\desktop\graphics-demo\game engine - titan voyager - rony hanna\voyager\release\vc141.pdb' is corrupted; some symbols and types may not be accessible from the debugger
Player.obj : warning LNK4020: a type record in 'd:\users\rony.han7006\desktop\graphics-demo\game engine - titan voyager - rony hanna\voyager\release\vc141.pdb' is corrupted; some symbols and types may not be accessible from the debugger
PointLight.obj : warning LNK4020: a type record in 'd:\users\rony.han7006\desktop\graphics-demo\game engine - titan voyager - rony hanna\voyager\release\vc141.pdb' is corrupted; some symbols and types may not be accessible from the debugger
Renderer.obj : warning LNK4020: a type record in 'd:\users\rony.han7006\desktop\graphics-demo\game engine - titan voyager - rony hanna\voyager\release\vc141.pdb' is corrupted; some symbols and types may not be accessible from the debugger
ResourceManager.obj : warning LNK4020: a type record in 'd:\users\rony.han7006\desktop\graphics-demo\game engine - titan voyager - rony hanna\voyager\release\vc141.pdb' is corrupted; some symbols and types may not be accessible from the debugger
Shader.obj : warning LNK4020: a type record in 'd:\users\rony.han7006\desktop\graphics-demo\game engine - titan voyager - rony hanna\voyager\release\vc141.pdb' is corrupted; some symbols and types may not be accessible from the debugger
Shape.obj : warning LNK4020: a type record in 'd:\users\rony.han7006\desktop\graphics-demo\game engine - titan voyager - rony hanna\voyager\release\vc141.pdb' is corrupted; some symbols and types may not be accessible from the debugger
SpotLight.obj : warning LNK4020: a type record in 'd:\users\rony.han7006\desktop\graphics-demo\game engine - titan voyager - rony hanna\voyager\release\vc141.pdb' is corrupted; some symbols and types may not be accessible from the debugger
Terrain.obj : warning LNK4020: a type record in 'd:\users\rony.han7006\desktop\graphics-demo\game engine - titan voyager - rony hanna\voyager\release\vc141.pdb' is corrupted; some symbols and types may not be accessible from the debugger
Texture.obj : warning LNK4020: a type record in 'd:\users\rony.han7006\desktop\graphics-demo\game engine - titan voyager - rony hanna\voyager\release\vc141.pdb' is corrupted; some symbols and types may not be accessible from the debugger
Utils.obj : warning LNK4020: a type record in 'd:\users\rony.han7006\desktop\graphics-demo\game engine - titan voyager - rony hanna\voyager\release\vc141.pdb' is corrupted; some symbols and types may not be accessible from the debugger
Weapon.obj : warning LNK4020: a type record in 'd:\users\rony.han7006\desktop\graphics-demo\game engine - titan voyager - rony hanna\voyager\release\vc141.pdb' is corrupted; some symbols and types may not be accessible from the debugger
SOIL.lib(image_DXT.obj) : warning LNK4099: PDB 'SOIL.pdb' was not found with 'SOIL.lib(image_DXT.obj)' or at 'D:\Users\Rony.han7006\Desktop\Graphics-Demo\Game Engine - Titan Voyager - Rony Hanna\Release\SOIL.pdb'; linking object as if no debug info
SOIL.lib(image_helper.obj) : warning LNK4099: PDB 'SOIL.pdb' was not found with 'SOIL.lib(image_helper.obj)' or at 'D:\Users\Rony.han7006\Desktop\Graphics-Demo\Game Engine - Titan Voyager - Rony Hanna\Release\SOIL.pdb'; linking object as if no debug info
SOIL.lib(SOIL.obj) : warning LNK4099: PDB 'SOIL.pdb' was not found with 'SOIL.lib(SOIL.obj)' or at 'D:\Users\Rony.han7006\Desktop\Graphics-Demo\Game Engine - Titan Voyager - Rony Hanna\Release\SOIL.pdb'; linking object as if no debug info
SOIL.lib(stb_image_aug.obj) : warning LNK4099: PDB 'SOIL.pdb' was not found with 'SOIL.lib(stb_image_aug.obj)' or at 'D:\Users\Rony.han7006\Desktop\Graphics-Demo\Game Engine - Titan Voyager - Rony Hanna\Release\SOIL.pdb'; linking object as if no debug info
  Voyager.vcxproj -> D:\Users\Rony.han7006\Desktop\Graphics-Demo\Game Engine - Titan Voyager - Rony Hanna\Release\Voyager.exe
